# JRE version: OpenJDK Runtime Environment Microsoft-8035246 (17.0.8+7) (build 17.0.8+7-LTS)
# Java VM: OpenJDK 64-Bit Server VM Microsoft-8035246 (17.0.8+7-LTS, mixed mode, sharing, tiered, compressed oops, compressed class ptrs, g1 gc, windows-amd64)
GC Precious Log:
 CPUs: 16 total, 16 available
 Memory: 7514M
 Large Page Support: Disabled
 NUMA Support: Disabled
 Compressed Oops: Enabled (32-bit)
 Heap Region Size: 1M
 Heap Min Capacity: 8M
 Heap Initial Capacity: 118M
 Heap Max Capacity: 2G
 Pre-touch: Disabled
 Parallel Workers: 13
 Concurrent Workers: 3
 Concurrent Refinement Workers: 13
 Periodic GC: Disabled
Heap:
 garbage-first heap   total 292864K, used 244373K [0x0000000080000000, 0x0000000100000000)
  region size 1024K, 51 young (52224K), 6 survivors (6144K)
 Metaspace       used 106655K, committed 107776K, reserved 557056K
  class space    used 14810K, committed 15360K, reserved 425984K
GC Heap History (20 events):
Event: 39.101 GC heap before
{Heap before GC invocations=66 (full 0):
 garbage-first heap   total 243712K, used 203867K [0x0000000080000000, 0x0000000100000000)
  region size 1024K, 42 young (43008K), 6 survivors (6144K)
 Metaspace       used 104563K, committed 105600K, reserved 557056K
  class space    used 14620K, committed 15104K, reserved 425984K
}
Event: 39.106 GC heap after
{Heap after GC invocations=67 (full 0):
 garbage-first heap   total 243712K, used 170543K [0x0000000080000000, 0x0000000100000000)
  region size 1024K, 3 young (3072K), 3 survivors (3072K)
 Metaspace       used 104563K, committed 105600K, reserved 557056K
  class space    used 14620K, committed 15104K, reserved 425984K
}
Event: 39.822 GC heap before
{Heap before GC invocations=67 (full 0):
 garbage-first heap   total 243712K, used 206383K [0x0000000080000000, 0x0000000100000000)
  region size 1024K, 39 young (39936K), 3 survivors (3072K)
 Metaspace       used 104564K, committed 105600K, reserved 557056K
  class space    used 14620K, committed 15104K, reserved 425984K
}
Event: 39.826 GC heap after
{Heap after GC invocations=68 (full 0):
 garbage-first heap   total 243712K, used 172231K [0x0000000080000000, 0x0000000100000000)
  region size 1024K, 5 young (5120K), 5 survivors (5120K)
 Metaspace       used 104564K, committed 105600K, reserved 557056K
  class space    used 14620K, committed 15104K, reserved 425984K
}
Event: 40.407 GC heap before
{Heap before GC invocations=68 (full 0):
 garbage-first heap   total 243712K, used 216263K [0x0000000080000000, 0x0000000100000000)
  region size 1024K, 41 young (41984K), 5 survivors (5120K)
 Metaspace       used 104649K, committed 105664K, reserved 557056K
  class space    used 14625K, committed 15104K, reserved 425984K
}
Event: 40.413 GC heap after
{Heap after GC invocations=69 (full 0):
 garbage-first heap   total 243712K, used 175765K [0x0000000080000000, 0x0000000100000000)
  region size 1024K, 6 young (6144K), 6 survivors (6144K)
 Metaspace       used 104649K, committed 105664K, reserved 557056K
  class space    used 14625K, committed 15104K, reserved 425984K
}
Event: 40.700 GC heap before
{Heap before GC invocations=69 (full 0):
 garbage-first heap   total 243712K, used 215701K [0x0000000080000000, 0x0000000100000000)
  region size 1024K, 38 young (38912K), 6 survivors (6144K)
 Metaspace       used 104716K, committed 105792K, reserved 557056K
  class space    used 14636K, committed 15168K, reserved 425984K
}
Event: 40.706 GC heap after
{Heap after GC invocations=70 (full 0):
 garbage-first heap   total 243712K, used 178496K [0x0000000080000000, 0x0000000100000000)
  region size 1024K, 3 young (3072K), 3 survivors (3072K)
 Metaspace       used 104716K, committed 105792K, reserved 557056K
  class space    used 14636K, committed 15168K, reserved 425984K
}
Event: 41.023 GC heap before
{Heap before GC invocations=70 (full 0):
 garbage-first heap   total 243712K, used 217408K [0x0000000080000000, 0x0000000100000000)
  region size 1024K, 34 young (34816K), 3 survivors (3072K)
 Metaspace       used 104826K, committed 105920K, reserved 557056K
  class space    used 14647K, committed 15168K, reserved 425984K
}
Event: 41.029 GC heap after
{Heap after GC invocations=71 (full 0):
 garbage-first heap   total 243712K, used 183148K [0x0000000080000000, 0x0000000100000000)
  region size 1024K, 5 young (5120K), 5 survivors (5120K)
 Metaspace       used 104826K, committed 105920K, reserved 557056K
  class space    used 14647K, committed 15168K, reserved 425984K
}
Event: 41.311 GC heap before
{Heap before GC invocations=71 (full 0):
 garbage-first heap   total 243712K, used 209772K [0x0000000080000000, 0x0000000100000000)
  region size 1024K, 32 young (32768K), 5 survivors (5120K)
 Metaspace       used 104938K, committed 105984K, reserved 557056K
  class space    used 14659K, committed 15168K, reserved 425984K
}
Event: 41.317 GC heap after
{Heap after GC invocations=72 (full 0):
 garbage-first heap   total 243712K, used 183172K [0x0000000080000000, 0x0000000100000000)
  region size 1024K, 3 young (3072K), 3 survivors (3072K)
 Metaspace       used 104938K, committed 105984K, reserved 557056K
  class space    used 14659K, committed 15168K, reserved 425984K
}
Event: 41.691 GC heap before
{Heap before GC invocations=72 (full 0):
 garbage-first heap   total 243712K, used 213892K [0x0000000080000000, 0x0000000100000000)
  region size 1024K, 30 young (30720K), 3 survivors (3072K)
 Metaspace       used 104986K, committed 106048K, reserved 557056K
  class space    used 14660K, committed 15168K, reserved 425984K
}
Event: 41.695 GC heap after
{Heap after GC invocations=73 (full 0):
 garbage-first heap   total 243712K, used 185260K [0x0000000080000000, 0x0000000100000000)
  region size 1024K, 4 young (4096K), 4 survivors (4096K)
 Metaspace       used 104986K, committed 106048K, reserved 557056K
  class space    used 14660K, committed 15168K, reserved 425984K
}
Event: 41.887 GC heap before
{Heap before GC invocations=73 (full 0):
 garbage-first heap   total 243712K, used 214956K [0x0000000080000000, 0x0000000100000000)
  region size 1024K, 30 young (30720K), 4 survivors (4096K)
 Metaspace       used 105109K, committed 106176K, reserved 557056K
  class space    used 14682K, committed 15168K, reserved 425984K
}
Event: 41.892 GC heap after
{Heap after GC invocations=74 (full 0):
 garbage-first heap   total 243712K, used 187246K [0x0000000080000000, 0x0000000100000000)
  region size 1024K, 2 young (2048K), 2 survivors (2048K)
 Metaspace       used 105109K, committed 106176K, reserved 557056K
  class space    used 14682K, committed 15168K, reserved 425984K
}
Event: 42.057 GC heap before
{Heap before GC invocations=74 (full 0):
 garbage-first heap   total 243712K, used 211822K [0x0000000080000000, 0x0000000100000000)
  region size 1024K, 27 young (27648K), 2 survivors (2048K)
 Metaspace       used 105145K, committed 106176K, reserved 557056K
  class space    used 14683K, committed 15168K, reserved 425984K
}
Event: 42.061 GC heap after
{Heap after GC invocations=75 (full 0):
 garbage-first heap   total 292864K, used 188302K [0x0000000080000000, 0x0000000100000000)
  region size 1024K, 4 young (4096K), 4 survivors (4096K)
 Metaspace       used 105145K, committed 106176K, reserved 557056K
  class space    used 14683K, committed 15168K, reserved 425984K
}
Event: 42.455 GC heap before
{Heap before GC invocations=75 (full 0):
 garbage-first heap   total 292864K, used 252814K [0x0000000080000000, 0x0000000100000000)
  region size 1024K, 64 young (65536K), 4 survivors (4096K)
 Metaspace       used 105178K, committed 106240K, reserved 557056K
  class space    used 14684K, committed 15168K, reserved 425984K
}
Event: 42.461 GC heap after
{Heap after GC invocations=76 (full 0):
 garbage-first heap   total 292864K, used 191125K [0x0000000080000000, 0x0000000100000000)
  region size 1024K, 6 young (6144K), 6 survivors (6144K)
 Metaspace       used 105178K, committed 106240K, reserved 557056K
  class space    used 14684K, committed 15168K, reserved 425984K
}

